<?xml version="1.0" encoding="UTF-8"?>
<!-- Generated by org.testng.reporters.JUnitReportReporter -->
<testsuite skipped="0" hostname="INLT1716" name="com.newclaimspro.testcases.LoginTest" tests="1" failures="0" timestamp="28 Jan 2021 15:38:40 GMT" time="14.435" errors="0">
  <testcase name="login" time="14.435" classname="com.newclaimspro.testcases.LoginTest"/>
</testsuite> <!-- com.newclaimspro.testcases.LoginTest -->
