<?xml version="1.0" encoding="UTF-8"?>
<!-- Generated by org.testng.reporters.JUnitReportReporter -->
<testsuite skipped="0" hostname="INLT1716" name="com.newclaimspro.testcases.CreatePAClaimTest" tests="2" failures="0" timestamp="28 Jan 2021 15:38:40 GMT" time="120.296" errors="0">
  <testcase name="createPAClaim" time="58.161" classname="com.newclaimspro.testcases.CreatePAClaimTest"/>
  <testcase name="createPAClaim" time="62.135" classname="com.newclaimspro.testcases.CreatePAClaimTest"/>
</testsuite> <!-- com.newclaimspro.testcases.CreatePAClaimTest -->
