<?xml version="1.0" encoding="UTF-8"?>
<!-- Generated by org.testng.reporters.JUnitReportReporter -->
<testsuite skipped="0" hostname="INLT1716" name="com.claimspro.testcases.LoginTest" tests="1" failures="0" timestamp="14 May 2019 14:45:02 GMT" time="11.193" errors="0">
  <testcase name="loginTest" time="11.193" classname="com.claimspro.testcases.LoginTest"/>
</testsuite> <!-- com.claimspro.testcases.LoginTest -->
