<?xml version="1.0" encoding="UTF-8"?>
<!-- Generated by org.testng.reporters.JUnitReportReporter -->
<testsuite skipped="0" hostname="INLT1716" name="com.claimspro.testcases.ReleaseClaimTest" tests="1" failures="0" timestamp="10 Dec 2019 06:38:21 GMT" time="88.547" errors="0">
  <testcase name="releaseClaimTest" time="88.547" classname="com.claimspro.testcases.ReleaseClaimTest"/>
</testsuite> <!-- com.claimspro.testcases.ReleaseClaimTest -->
