<?xml version="1.0" encoding="UTF-8"?>
<!-- Generated by org.testng.reporters.JUnitReportReporter -->
<testsuite skipped="0" hostname="INLT1716" name="com.claimspro.testcases.CreatePersonTest" tests="1" failures="0" timestamp="27 Nov 2019 13:35:34 GMT" time="72.588" errors="0">
  <testcase name="creatPersonTest" time="72.588" classname="com.claimspro.testcases.CreatePersonTest"/>
</testsuite> <!-- com.claimspro.testcases.CreatePersonTest -->
